<?xml version="1.0" encoding="UTF-8"?>
<!-- Generated by org.testng.reporters.JUnitXMLReporter -->
<testsuite hostname="KrishnaKumarN" ignored="0" name="Expense Tracker Validattion" tests="4" failures="0" timestamp="13 Jun 2019 17:29:15 GMT" time="0.157" errors="0">
  <testcase name="loginMethod1" time="0.015" classname="com.mavenownproject.testcases.testcase1"/>
  <testcase name="loginMethod2" time="0.0" classname="com.mavenownproject.testcases.testcase1"/>
  <testcase name="f" time="0.0" classname="com.mavenownproject.testcases.TestNG2"/>
  <testcase name="loginMethod3" time="0.0" classname="com.mavenownproject.testcases.TestNG2"/>
</testsuite> <!-- Expense Tracker Validattion -->
