<?xml version="1.0" encoding="UTF-8"?>
<!-- Generated by org.testng.reporters.JUnitXMLReporter -->
<testsuite hostname="KrishnaKumarN" ignored="0" name="CommonTestCase" tests="2" failures="0" timestamp="13 Jun 2019 19:29:57 GMT" time="0.024" errors="0">
  <testcase name="commonTestCase1" time="0.004" classname="com.mavenownproject.testcases.CommonTestCase"/>
  <testcase name="commonTestCase2" time="0.004" classname="com.mavenownproject.testcases.CommonTestCase"/>
</testsuite> <!-- CommonTestCase -->
