<?xml version="1.0" encoding="UTF-8"?>
<testng-results skipped="0" failed="0" ignored="0" total="2" passed="2">
  <reporter-output>
  </reporter-output>
  <suite name="TestSuite1" duration-ms="205" started-at="2019-06-25T19:28:07Z" finished-at="2019-06-25T19:28:08Z">
    <groups>
    </groups>
    <test name="TC01_Chrome" duration-ms="104" started-at="2019-06-25T19:28:07Z" finished-at="2019-06-25T19:28:08Z">
      <class name="com.mavenownproject.utilites.fetchingParameterValuefromParameterXML.Parameter_Value_fetching_from_XML">
        <test-method status="PASS" signature="testCase1(java.lang.String)[pri:0, instance:com.mavenownproject.utilites.fetchingParameterValuefromParameterXML.Parameter_Value_fetching_from_XML@46d56d67]" name="testCase1" duration-ms="28" started-at="2019-06-25T19:28:08Z" finished-at="2019-06-25T19:28:08Z">
          <params>
            <param index="0">
              <value>
                <![CDATA[Chrome]]>
              </value>
            </param>
          </params>
          <reporter-output>
          </reporter-output>
        </test-method> <!-- testCase1 -->
      </class> <!-- com.mavenownproject.utilites.fetchingParameterValuefromParameterXML.Parameter_Value_fetching_from_XML -->
    </test> <!-- TC01_Chrome -->
    <test name="TC01_Firefox" duration-ms="11" started-at="2019-06-25T19:28:08Z" finished-at="2019-06-25T19:28:08Z">
      <class name="com.mavenownproject.utilites.fetchingParameterValuefromParameterXML.Parameter_Value_fetching_from_XML">
        <test-method status="PASS" signature="testCase1(java.lang.String)[pri:0, instance:com.mavenownproject.utilites.fetchingParameterValuefromParameterXML.Parameter_Value_fetching_from_XML@53b32d7]" name="testCase1" duration-ms="4" started-at="2019-06-25T19:28:08Z" finished-at="2019-06-25T19:28:08Z">
          <params>
            <param index="0">
              <value>
                <![CDATA[firefox]]>
              </value>
            </param>
          </params>
          <reporter-output>
          </reporter-output>
        </test-method> <!-- testCase1 -->
      </class> <!-- com.mavenownproject.utilites.fetchingParameterValuefromParameterXML.Parameter_Value_fetching_from_XML -->
    </test> <!-- TC01_Firefox -->
  </suite> <!-- TestSuite1 -->
</testng-results>
