<?xml version="1.0" encoding="UTF-8"?>
<!-- Generated by org.testng.reporters.JUnitXMLReporter -->
<testsuite hostname="KrishnaKumarN" ignored="0" name="Expense Tracker Validattion1" tests="2" failures="0" timestamp="13 Jun 2019 17:57:17 GMT" time="0.098" errors="0">
  <testcase name="loginMethod1" time="0.014" classname="com.mavenownproject.testcases.testcase1"/>
  <testcase name="loginMethod_NewTest" time="0.005" classname="com.mavenownproject.testcases.testcase1"/>
</testsuite> <!-- Expense Tracker Validattion1 -->
