<?xml version="1.0" encoding="UTF-8"?>
<!-- Generated by org.testng.reporters.JUnitXMLReporter -->
<testsuite hostname="KrishnaKumarN" ignored="0" name="Default test" tests="6" failures="0" timestamp="23 Jun 2019 15:03:08 GMT" time="0.169" errors="0">
  <testcase name="Login1" time="0.048" classname="parameterization2_SoftAssert.TestParamaterization2_SoftAssert"/>
  <testcase name="Login1" time="0.005" classname="parameterization2_SoftAssert.TestParamaterization2_SoftAssert"/>
  <testcase name="Login1" time="0.003" classname="parameterization2_SoftAssert.TestParamaterization2_SoftAssert"/>
  <testcase name="Login2" time="0.003" classname="parameterization2_SoftAssert.TestParamaterization2_SoftAssert"/>
  <testcase name="Login2" time="0.003" classname="parameterization2_SoftAssert.TestParamaterization2_SoftAssert"/>
  <testcase name="Login2" time="0.003" classname="parameterization2_SoftAssert.TestParamaterization2_SoftAssert"/>
</testsuite> <!-- Default test -->
